<?xml version="1.0" encoding="UTF-8"?>
<!-- Generated by org.testng.reporters.JUnitReportReporter -->
<testsuite skipped="0" hostname="vprybeha-w7" name="TestClass" tests="2" failures="0" timestamp="07 Dec 2018 10:39:05 GMT" time="16.481" errors="0">
  <testcase name="searchSomething" time="7.459" classname="TestClass"/>
  <testcase name="searchTest" time="9.022" classname="TestClass"/>
</testsuite> <!-- TestClass -->
