<?xml version="1.0" encoding="UTF-8"?>
<!-- Generated by org.testng.reporters.JUnitReportReporter -->
<testsuite skipped="0" hostname="vprybeha-w7" name="TestClass" tests="1" failures="0" timestamp="06 Dec 2018 12:21:11 GMT" time="10.935" errors="0">
  <testcase name="searchTest" time="10.935" classname="TestClass"/>
</testsuite> <!-- TestClass -->
