<?xml version="1.0" encoding="UTF-8"?>
<!-- Generated by org.testng.reporters.JUnitReportReporter -->
<testsuite skipped="0" hostname="vprybeha-w7" name="TestClass" tests="2" failures="0" timestamp="13 Dec 2018 13:16:30 GMT" time="33.700" errors="0">
  <testcase name="searchSomething" time="24.166" classname="TestClass"/>
  <testcase name="searchTest" time="9.534" classname="TestClass"/>
</testsuite> <!-- TestClass -->
