<?xml version="1.0" encoding="UTF-8"?>
<!-- Generated by org.testng.reporters.JUnitReportReporter -->
<testsuite skipped="0" hostname="vprybeha-w7" name="TestClass" tests="1" failures="0" timestamp="06 Dec 2018 13:43:34 GMT" time="11.796" errors="0">
  <testcase name="searchTest" time="11.796" classname="TestClass"/>
</testsuite> <!-- TestClass -->
