<?xml version="1.0" encoding="UTF-8"?>
<!-- Generated by org.testng.reporters.JUnitReportReporter -->
<testsuite skipped="0" hostname="vprybeha-w7" name="TestClass" tests="1" failures="0" timestamp="06 Dec 2018 12:28:42 GMT" time="9.216" errors="0">
  <testcase name="searchTest" time="9.216" classname="TestClass"/>
</testsuite> <!-- TestClass -->
