<?xml version="1.0" encoding="UTF-8"?>
<!-- Generated by org.testng.reporters.JUnitReportReporter -->
<testsuite skipped="0" hostname="vprybeha-w7" name="TestClass" tests="2" failures="0" timestamp="06 Dec 2018 14:59:33 GMT" time="16.647" errors="0">
  <testcase name="searchSomething" time="7.720" classname="TestClass"/>
  <testcase name="searchTest" time="8.927" classname="TestClass"/>
</testsuite> <!-- TestClass -->
