<?xml version="1.0" encoding="UTF-8"?>
<!-- Generated by org.testng.reporters.JUnitReportReporter -->
<testsuite skipped="0" hostname="vprybeha-w7" name="tests.SecondTestClass" tests="3" failures="0" timestamp="27 Nov 2018 14:23:48 GMT" time="26.366" errors="0">
  <testcase name="First" time="9.501" classname="tests.SecondTestClass"/>
  <testcase name="Second" time="8.737" classname="tests.SecondTestClass"/>
  <testcase name="Third" time="8.128" classname="tests.SecondTestClass"/>
</testsuite> <!-- tests.SecondTestClass -->
