<?xml version="1.0" encoding="UTF-8"?>
<!-- Generated by org.testng.reporters.JUnitReportReporter -->
<testsuite skipped="0" hostname="vprybeha-w7" name="tests.TestClass" tests="3" failures="0" timestamp="06 Dec 2018 10:10:52 GMT" time="38.845" errors="0">
  <testcase name="Third" time="7.847" classname="tests.TestClass"/>
  <testcase name="First" time="19.181" classname="tests.TestClass"/>
  <testcase name="Second" time="11.817" classname="tests.TestClass"/>
</testsuite> <!-- tests.TestClass -->
