<?xml version="1.0" encoding="UTF-8"?>
<!-- Generated by org.testng.reporters.JUnitReportReporter -->
<testsuite skipped="0" hostname="vprybeha-w7" name="TestClass" tests="3" failures="0" timestamp="26 Nov 2018 17:10:01 GMT" time="18.870" errors="0">
  <testcase name="First" time="5.318" classname="TestClass"/>
  <testcase name="Second" time="7.181" classname="TestClass"/>
  <testcase name="Third" time="6.371" classname="TestClass"/>
</testsuite> <!-- TestClass -->
