<?xml version="1.0" encoding="UTF-8"?>
<!-- Generated by org.testng.reporters.JUnitReportReporter -->
<testsuite skipped="0" hostname="vprybeha-w7" name="tests.TestClass" tests="3" failures="0" timestamp="05 Dec 2018 15:54:15 GMT" time="25.391" errors="0">
  <testcase name="Second" time="8.671" classname="tests.TestClass"/>
  <testcase name="First" time="10.906" classname="tests.TestClass"/>
  <testcase name="Third" time="5.814" classname="tests.TestClass"/>
</testsuite> <!-- tests.TestClass -->
