<?xml version="1.0" encoding="UTF-8"?>
<!-- Generated by org.testng.reporters.JUnitReportReporter -->
<testsuite skipped="0" hostname="vprybeha-w7" name="tests.TestClass" tests="3" failures="0" timestamp="29 Nov 2018 09:23:38 GMT" time="21.180" errors="0">
  <testcase name="First" time="9.111" classname="tests.TestClass"/>
  <testcase name="Second" time="6.239" classname="tests.TestClass"/>
  <testcase name="Third" time="5.830" classname="tests.TestClass"/>
</testsuite> <!-- tests.TestClass -->
