<?xml version="1.0" encoding="UTF-8"?>
<!-- Generated by org.testng.reporters.JUnitReportReporter -->
<testsuite skipped="0" hostname="vprybeha-w7" name="tests.TestClass" tests="3" failures="0" timestamp="30 Nov 2018 17:11:02 GMT" time="32.607" errors="0">
  <testcase name="First" time="12.023" classname="tests.TestClass"/>
  <testcase name="Second" time="11.151" classname="tests.TestClass"/>
  <testcase name="Third" time="9.433" classname="tests.TestClass"/>
</testsuite> <!-- tests.TestClass -->
