<?xml version="1.0" encoding="UTF-8"?>
<!-- Generated by org.testng.reporters.JUnitReportReporter -->
<testsuite skipped="0" hostname="vprybeha-w7" name="tests.TestClass" tests="3" failures="0" timestamp="29 Nov 2018 13:02:26 GMT" time="25.525" errors="0">
  <testcase name="First" time="9.285" classname="tests.TestClass"/>
  <testcase name="Second" time="9.019" classname="tests.TestClass"/>
  <testcase name="Third" time="7.221" classname="tests.TestClass"/>
</testsuite> <!-- tests.TestClass -->
