<?xml version="1.0" encoding="UTF-8"?>
<!-- Generated by org.testng.reporters.JUnitReportReporter -->
<testsuite skipped="0" hostname="vprybeha-w7" name="TestClass" tests="3" failures="0" timestamp="27 Nov 2018 12:29:51 GMT" time="32.060" errors="0">
  <testcase name="Second" time="11.290" classname="TestClass"/>
  <testcase name="First" time="12.245" classname="TestClass"/>
  <testcase name="Third" time="8.525" classname="TestClass"/>
</testsuite> <!-- TestClass -->
