<?xml version="1.0" encoding="UTF-8"?>
<!-- Generated by org.testng.reporters.JUnitReportReporter -->
<testsuite skipped="0" hostname="vprybeha-w7" name="SecondTestClass" tests="1" failures="0" timestamp="27 Nov 2018 12:29:51 GMT" time="0.000" errors="0">
  <testcase name="OtherTest" time="0.000" classname="SecondTestClass"/>
</testsuite> <!-- SecondTestClass -->
