<?xml version="1.0" encoding="UTF-8"?>
<!-- Generated by org.testng.reporters.JUnitReportReporter -->
<testsuite skipped="0" hostname="vprybeha-w7" name="tests.TestClass" tests="3" failures="0" timestamp="06 Dec 2018 10:37:17 GMT" time="23.210" errors="0">
  <testcase name="Third" time="5.422" classname="tests.TestClass"/>
  <testcase name="First" time="9.411" classname="tests.TestClass"/>
  <testcase name="Second" time="8.377" classname="tests.TestClass"/>
</testsuite> <!-- tests.TestClass -->
