<?xml version="1.0" encoding="UTF-8"?>
<!-- Generated by org.testng.reporters.JUnitReportReporter -->
<testsuite skipped="0" hostname="vprybeha-w7" name="tests.TestClass" tests="3" failures="0" timestamp="29 Nov 2018 12:13:00 GMT" time="23.217" errors="0">
  <testcase name="First" time="9.271" classname="tests.TestClass"/>
  <testcase name="Third" time="7.536" classname="tests.TestClass"/>
  <testcase name="Second" time="6.410" classname="tests.TestClass"/>
</testsuite> <!-- tests.TestClass -->
